<?xml version="1.0" encoding="UTF-8"?>
<!-- Generated by org.testng.reporters.JUnitReportReporter -->
<testsuite skipped="0" hostname="LTIN123841" name="com.practice.appiumAssignment.appiumAssignOnAmazon.LoginAndEnterCredentials" tests="1" failures="0" timestamp="2020-11-23T19:40:43 IST" time="57.333" errors="0">
  <testcase name="enterLoginCred" time="57.333" classname="com.practice.appiumAssignment.appiumAssignOnAmazon.LoginAndEnterCredentials"/>
  <system-out/>
</testsuite> <!-- com.practice.appiumAssignment.appiumAssignOnAmazon.LoginAndEnterCredentials -->
